2014/11/28 14:15:54 [error] [exception.CDbException] exception 'CDbException' with message 'CDbConnection failed to open the DB connection: SQLSTATE[28000] [1045] Access denied for user 'root'@'localhost' (using password: NO)' in /var/www/www/data/www/project.dipstart.ru/framework/db/CDbConnection.php:382
Stack trace:
#0 /var/www/www/data/www/project.dipstart.ru/framework/db/CDbConnection.php(330): CDbConnection->open()
#1 /var/www/www/data/www/project.dipstart.ru/framework/db/CDbConnection.php(308): CDbConnection->setActive(true)
#2 /var/www/www/data/www/project.dipstart.ru/framework/base/CModule.php(387): CDbConnection->init()
#3 /var/www/www/data/www/project.dipstart.ru/framework/web/auth/CDbAuthManager.php(589): CModule->getComponent('db')
#4 /var/www/www/data/www/project.dipstart.ru/framework/web/auth/CDbAuthManager.php(59): CDbAuthManager->getDbConnection()
#5 /var/www/www/data/www/project.dipstart.ru/framework/base/CModule.php(387): CDbAuthManager->init()
#6 /var/www/www/data/www/project.dipstart.ru/framework/web/CWebApplication.php(185): CModule->getComponent('authManager')
#7 /var/www/www/data/www/project.dipstart.ru/framework/web/auth/CWebUser.php(815): CWebApplication->getAuthManager()
#8 /var/www/www/data/www/project.dipstart.ru/protected/modules/rights/components/RWebUser.php(43): CWebUser->checkAccess('Site.*', Array, true)
#9 /var/www/www/data/www/project.dipstart.ru/protected/modules/rights/components/RightsFilter.php(43): RWebUser->checkAccess('Site.*')
#10 /var/www/www/data/www/project.dipstart.ru/framework/web/filters/CFilter.php(38): RightsFilter->preFilter(Object(CFilterChain))
#11 /var/www/www/data/www/project.dipstart.ru/protected/modules/rights/components/RController.php(36): CFilter->filter(Object(CFilterChain))
#12 /var/www/www/data/www/project.dipstart.ru/framework/web/filters/CInlineFilter.php(58): RController->filterRights(Object(CFilterChain))
#13 /var/www/www/data/www/project.dipstart.ru/framework/web/filters/CFilterChain.php(130): CInlineFilter->filter(Object(CFilterChain))
#14 /var/www/www/data/www/project.dipstart.ru/framework/web/CController.php(291): CFilterChain->run()
#15 /var/www/www/data/www/project.dipstart.ru/framework/web/CController.php(265): CController->runActionWithFilters(Object(CInlineAction), Array)
#16 /var/www/www/data/www/project.dipstart.ru/framework/web/CWebApplication.php(282): CController->run('')
#17 /var/www/www/data/www/project.dipstart.ru/framework/web/CWebApplication.php(141): CWebApplication->runController('')
#18 /var/www/www/data/www/project.dipstart.ru/framework/base/CApplication.php(180): CWebApplication->processRequest()
#19 /var/www/www/data/www/project.dipstart.ru/index.php(13): CApplication->run()
#20 {main}
REQUEST_URI=/
---
2014/11/28 14:20:47 [error] [exception.CHttpException.404] exception 'CHttpException' with message 'Невозможно обработать запрос "sie/index".' in /var/www/www/data/www/project.dipstart.ru/framework/web/CWebApplication.php:286
Stack trace:
#0 /var/www/www/data/www/project.dipstart.ru/framework/web/CWebApplication.php(141): CWebApplication->runController('')
#1 /var/www/www/data/www/project.dipstart.ru/framework/base/CApplication.php(180): CWebApplication->processRequest()
#2 /var/www/www/data/www/project.dipstart.ru/index.php(13): CApplication->run()
#3 {main}
REQUEST_URI=/
---
2014/11/28 14:23:52 [error] [exception.CHttpException.404] exception 'CHttpException' with message 'Невозможно обработать запрос "sie/index".' in /var/www/www/data/www/project.dipstart.ru/framework/web/CWebApplication.php:286
Stack trace:
#0 /var/www/www/data/www/project.dipstart.ru/framework/web/CWebApplication.php(141): CWebApplication->runController('')
#1 /var/www/www/data/www/project.dipstart.ru/framework/base/CApplication.php(180): CWebApplication->processRequest()
#2 /var/www/www/data/www/project.dipstart.ru/index.php(13): CApplication->run()
#3 {main}
REQUEST_URI=/
---
2014/11/28 14:28:27 [error] [exception.CHttpException.404] exception 'CHttpException' with message 'Невозможно обработать запрос "sie/index".' in /var/www/www/data/www/project.dipstart.ru/framework/web/CWebApplication.php:286
Stack trace:
#0 /var/www/www/data/www/project.dipstart.ru/framework/web/CWebApplication.php(141): CWebApplication->runController('')
#1 /var/www/www/data/www/project.dipstart.ru/framework/base/CApplication.php(180): CWebApplication->processRequest()
#2 /var/www/www/data/www/project.dipstart.ru/index.php(13): CApplication->run()
#3 {main}
REQUEST_URI=/
---
2014/11/28 14:30:15 [error] [exception.CHttpException.404] exception 'CHttpException' with message 'Невозможно обработать запрос "sie/index".' in /var/www/www/data/www/project.dipstart.ru/framework/web/CWebApplication.php:286
Stack trace:
#0 /var/www/www/data/www/project.dipstart.ru/framework/web/CWebApplication.php(141): CWebApplication->runController('')
#1 /var/www/www/data/www/project.dipstart.ru/framework/base/CApplication.php(180): CWebApplication->processRequest()
#2 /var/www/www/data/www/project.dipstart.ru/index.php(13): CApplication->run()
#3 {main}
REQUEST_URI=/
---
2014/11/28 15:09:55 [error] [exception.CHttpException.403] exception 'CHttpException' with message 'У вас недостаточно прав для выполнения указанного действия.' in /var/www/www/data/www/project.dipstart.ru/framework/web/auth/CAccessControlFilter.php:182
Stack trace:
#0 /var/www/www/data/www/project.dipstart.ru/framework/web/auth/CAccessControlFilter.php(145): CAccessControlFilter->accessDenied(Object(RWebUser), '?? ?????? ?????...')
#1 /var/www/www/data/www/project.dipstart.ru/framework/web/filters/CFilter.php(38): CAccessControlFilter->preFilter(Object(CFilterChain))
#2 /var/www/www/data/www/project.dipstart.ru/framework/web/CController.php(1145): CFilter->filter(Object(CFilterChain))
#3 /var/www/www/data/www/project.dipstart.ru/framework/web/filters/CInlineFilter.php(58): CController->filterAccessControl(Object(CFilterChain))
#4 /var/www/www/data/www/project.dipstart.ru/framework/web/filters/CFilterChain.php(130): CInlineFilter->filter(Object(CFilterChain))
#5 /var/www/www/data/www/project.dipstart.ru/framework/web/CController.php(291): CFilterChain->run()
#6 /var/www/www/data/www/project.dipstart.ru/framework/web/CController.php(265): CController->runActionWithFilters(Object(CInlineAction), Array)
#7 /var/www/www/data/www/project.dipstart.ru/framework/web/CWebApplication.php(282): CController->run('admin')
#8 /var/www/www/data/www/project.dipstart.ru/framework/web/CWebApplication.php(141): CWebApplication->runController('project/zakaz/a...')
#9 /var/www/www/data/www/project.dipstart.ru/framework/base/CApplication.php(180): CWebApplication->processRequest()
#10 /var/www/www/data/www/project.dipstart.ru/index.php(13): CApplication->run()
#11 {main}
REQUEST_URI=/index.php?r=project/zakaz/admin
HTTP_REFERER=http://project.dipstart.ru/index.php?r=project/zakaz
---
2014/11/28 15:10:01 [error] [exception.CHttpException.403] exception 'CHttpException' with message 'У вас недостаточно прав для выполнения указанного действия.' in /var/www/www/data/www/project.dipstart.ru/framework/web/auth/CAccessControlFilter.php:182
Stack trace:
#0 /var/www/www/data/www/project.dipstart.ru/framework/web/auth/CAccessControlFilter.php(145): CAccessControlFilter->accessDenied(Object(RWebUser), '?? ?????? ?????...')
#1 /var/www/www/data/www/project.dipstart.ru/framework/web/filters/CFilter.php(38): CAccessControlFilter->preFilter(Object(CFilterChain))
#2 /var/www/www/data/www/project.dipstart.ru/framework/web/CController.php(1145): CFilter->filter(Object(CFilterChain))
#3 /var/www/www/data/www/project.dipstart.ru/framework/web/filters/CInlineFilter.php(58): CController->filterAccessControl(Object(CFilterChain))
#4 /var/www/www/data/www/project.dipstart.ru/framework/web/filters/CFilterChain.php(130): CInlineFilter->filter(Object(CFilterChain))
#5 /var/www/www/data/www/project.dipstart.ru/framework/web/CController.php(291): CFilterChain->run()
#6 /var/www/www/data/www/project.dipstart.ru/framework/web/CController.php(265): CController->runActionWithFilters(Object(CInlineAction), Array)
#7 /var/www/www/data/www/project.dipstart.ru/framework/web/CWebApplication.php(282): CController->run('admin')
#8 /var/www/www/data/www/project.dipstart.ru/framework/web/CWebApplication.php(141): CWebApplication->runController('project/zakaz/a...')
#9 /var/www/www/data/www/project.dipstart.ru/framework/base/CApplication.php(180): CWebApplication->processRequest()
#10 /var/www/www/data/www/project.dipstart.ru/index.php(13): CApplication->run()
#11 {main}
REQUEST_URI=/index.php?r=project/zakaz/admin
HTTP_REFERER=http://project.dipstart.ru/index.php?r=project/zakaz
---
2014/11/28 15:10:22 [error] [exception.CHttpException.403] exception 'CHttpException' with message 'У вас недостаточно прав для выполнения указанного действия.' in /var/www/www/data/www/project.dipstart.ru/framework/web/auth/CAccessControlFilter.php:182
Stack trace:
#0 /var/www/www/data/www/project.dipstart.ru/framework/web/auth/CAccessControlFilter.php(145): CAccessControlFilter->accessDenied(Object(RWebUser), '?? ?????? ?????...')
#1 /var/www/www/data/www/project.dipstart.ru/framework/web/filters/CFilter.php(38): CAccessControlFilter->preFilter(Object(CFilterChain))
#2 /var/www/www/data/www/project.dipstart.ru/framework/web/CController.php(1145): CFilter->filter(Object(CFilterChain))
#3 /var/www/www/data/www/project.dipstart.ru/framework/web/filters/CInlineFilter.php(58): CController->filterAccessControl(Object(CFilterChain))
#4 /var/www/www/data/www/project.dipstart.ru/framework/web/filters/CFilterChain.php(130): CInlineFilter->filter(Object(CFilterChain))
#5 /var/www/www/data/www/project.dipstart.ru/framework/web/CController.php(291): CFilterChain->run()
#6 /var/www/www/data/www/project.dipstart.ru/framework/web/CController.php(265): CController->runActionWithFilters(Object(CInlineAction), Array)
#7 /var/www/www/data/www/project.dipstart.ru/framework/web/CWebApplication.php(282): CController->run('')
#8 /var/www/www/data/www/project.dipstart.ru/framework/web/CWebApplication.php(141): CWebApplication->runController('rights')
#9 /var/www/www/data/www/project.dipstart.ru/framework/base/CApplication.php(180): CWebApplication->processRequest()
#10 /var/www/www/data/www/project.dipstart.ru/index.php(13): CApplication->run()
#11 {main}
REQUEST_URI=/index.php?r=rights
HTTP_REFERER=http://project.dipstart.ru/index.php?r=project/zakaz
---
2014/11/28 16:53:05 [error] [exception.CHttpException.403] exception 'CHttpException' with message 'У вас недостаточно прав для выполнения указанного действия.' in /var/www/www/data/www/project.dipstart.ru/framework/web/auth/CAccessControlFilter.php:182
Stack trace:
#0 /var/www/www/data/www/project.dipstart.ru/framework/web/auth/CAccessControlFilter.php(145): CAccessControlFilter->accessDenied(Object(RWebUser), '?? ?????? ?????...')
#1 /var/www/www/data/www/project.dipstart.ru/framework/web/filters/CFilter.php(38): CAccessControlFilter->preFilter(Object(CFilterChain))
#2 /var/www/www/data/www/project.dipstart.ru/framework/web/CController.php(1145): CFilter->filter(Object(CFilterChain))
#3 /var/www/www/data/www/project.dipstart.ru/framework/web/filters/CInlineFilter.php(58): CController->filterAccessControl(Object(CFilterChain))
#4 /var/www/www/data/www/project.dipstart.ru/framework/web/filters/CFilterChain.php(130): CInlineFilter->filter(Object(CFilterChain))
#5 /var/www/www/data/www/project.dipstart.ru/framework/web/CController.php(291): CFilterChain->run()
#6 /var/www/www/data/www/project.dipstart.ru/framework/web/CController.php(265): CController->runActionWithFilters(Object(CInlineAction), Array)
#7 /var/www/www/data/www/project.dipstart.ru/framework/web/CWebApplication.php(282): CController->run('admin')
#8 /var/www/www/data/www/project.dipstart.ru/framework/web/CWebApplication.php(141): CWebApplication->runController('project/zakaz/a...')
#9 /var/www/www/data/www/project.dipstart.ru/framework/base/CApplication.php(180): CWebApplication->processRequest()
#10 /var/www/www/data/www/project.dipstart.ru/index.php(13): CApplication->run()
#11 {main}
REQUEST_URI=/index.php?r=project/zakaz/admin
HTTP_REFERER=http://project.dipstart.ru/index.php?r=project/zakaz/create
---
2014/11/28 16:53:40 [error] [exception.CException] exception 'CException' with message 'Не определено свойство "Zakaz.customer_price".' in /var/www/www/data/www/project.dipstart.ru/framework/base/CComponent.php:130
Stack trace:
#0 /var/www/www/data/www/project.dipstart.ru/framework/db/ar/CActiveRecord.php(145): CComponent->__get('customer_price')
#1 /var/www/www/data/www/project.dipstart.ru/framework/web/helpers/CHtml.php(2529): CActiveRecord->__get('customer_price')
#2 /var/www/www/data/www/project.dipstart.ru/framework/web/helpers/CHtml.php(2252): CHtml::resolveValue(Object(Zakaz), 'customer_price')
#3 /var/www/www/data/www/project.dipstart.ru/framework/web/helpers/CHtml.php(1434): CHtml::activeInputField('text', Object(Zakaz), 'customer_price', Array)
#4 /var/www/www/data/www/project.dipstart.ru/framework/web/widgets/CActiveForm.php(725): CHtml::activeTextField(Object(Zakaz), 'customer_price', Array)
#5 /var/www/www/data/www/project.dipstart.ru/protected/modules/project/views/zakaz/_formManager.php(162): CActiveForm->textField(Object(Zakaz), 'customer_price', Array)
#6 /var/www/www/data/www/project.dipstart.ru/framework/web/CBaseController.php(126): require('/var/www/www/da...')
#7 /var/www/www/data/www/project.dipstart.ru/framework/web/CBaseController.php(95): CBaseController->renderInternal('/var/www/www/da...', Array, true)
#8 /var/www/www/data/www/project.dipstart.ru/framework/web/CController.php(869): CBaseController->renderFile('/var/www/www/da...', Array, true)
#9 /var/www/www/data/www/project.dipstart.ru/protected/modules/project/views/zakaz/create.php(21): CController->renderPartial('_formManager', Array)
#10 /var/www/www/data/www/project.dipstart.ru/framework/web/CBaseController.php(126): require('/var/www/www/da...')
#11 /var/www/www/data/www/project.dipstart.ru/framework/web/CBaseController.php(95): CBaseController->renderInternal('/var/www/www/da...', Array, true)
#12 /var/www/www/data/www/project.dipstart.ru/framework/web/CController.php(869): CBaseController->renderFile('/var/www/www/da...', Array, true)
#13 /var/www/www/data/www/project.dipstart.ru/framework/web/CController.php(782): CController->renderPartial('create', Array, true)
#14 /var/www/www/data/www/project.dipstart.ru/protected/modules/project/controllers/ZakazController.php(79): CController->render('create', Array)
#15 /var/www/www/data/www/project.dipstart.ru/framework/web/actions/CInlineAction.php(49): ZakazController->actionCreate()
#16 /var/www/www/data/www/project.dipstart.ru/framework/web/CController.php(308): CInlineAction->runWithParams(Array)
#17 /var/www/www/data/www/project.dipstart.ru/framework/web/filters/CFilterChain.php(133): CController->runAction(Object(CInlineAction))
#18 /var/www/www/data/www/project.dipstart.ru/framework/web/filters/CFilter.php(40): CFilterChain->run()
#19 /var/www/www/data/www/project.dipstart.ru/framework/web/CController.php(1145): CFilter->filter(Object(CFilterChain))
#20 /var/www/www/data/www/project.dipstart.ru/framework/web/filters/CInlineFilter.php(58): CController->filterAccessControl(Object(CFilterChain))
#21 /var/www/www/data/www/project.dipstart.ru/framework/web/filters/CFilterChain.php(130): CInlineFilter->filter(Object(CFilterChain))
#22 /var/www/www/data/www/project.dipstart.ru/framework/web/CController.php(291): CFilterChain->run()
#23 /var/www/www/data/www/project.dipstart.ru/framework/web/CController.php(265): CController->runActionWithFilters(Object(CInlineAction), Array)
#24 /var/www/www/data/www/project.dipstart.ru/framework/web/CWebApplication.php(282): CController->run('create')
#25 /var/www/www/data/www/project.dipstart.ru/framework/web/CWebApplication.php(141): CWebApplication->runController('project/zakaz/c...')
#26 /var/www/www/data/www/project.dipstart.ru/framework/base/CApplication.php(180): CWebApplication->processRequest()
#27 /var/www/www/data/www/project.dipstart.ru/index.php(13): CApplication->run()
#28 {main}
REQUEST_URI=/index.php?r=project/zakaz/create
HTTP_REFERER=http://project.dipstart.ru/index.php?r=user/profile
---
2014/11/28 17:00:08 [error] [exception.CException] exception 'CException' with message 'Не определено свойство "Zakaz.status".' in /var/www/www/data/www/project.dipstart.ru/framework/base/CComponent.php:130
Stack trace:
#0 /var/www/www/data/www/project.dipstart.ru/framework/db/ar/CActiveRecord.php(145): CComponent->__get('status')
#1 /var/www/www/data/www/project.dipstart.ru/framework/web/helpers/CHtml.php(2529): CActiveRecord->__get('status')
#2 /var/www/www/data/www/project.dipstart.ru/framework/web/helpers/CHtml.php(1802): CHtml::resolveValue(Object(Zakaz), 'status')
#3 /var/www/www/data/www/project.dipstart.ru/framework/web/widgets/CActiveForm.php(847): CHtml::activeDropDownList(Object(Zakaz), 'status', Array, Array)
#4 /var/www/www/data/www/project.dipstart.ru/protected/modules/project/views/zakaz/_formManager.php(195): CActiveForm->dropDownList(Object(Zakaz), 'status', Array, Array)
#5 /var/www/www/data/www/project.dipstart.ru/framework/web/CBaseController.php(126): require('/var/www/www/da...')
#6 /var/www/www/data/www/project.dipstart.ru/framework/web/CBaseController.php(95): CBaseController->renderInternal('/var/www/www/da...', Array, true)
#7 /var/www/www/data/www/project.dipstart.ru/framework/web/CController.php(869): CBaseController->renderFile('/var/www/www/da...', Array, true)
#8 /var/www/www/data/www/project.dipstart.ru/protected/modules/project/views/zakaz/create.php(21): CController->renderPartial('_formManager', Array)
#9 /var/www/www/data/www/project.dipstart.ru/framework/web/CBaseController.php(126): require('/var/www/www/da...')
#10 /var/www/www/data/www/project.dipstart.ru/framework/web/CBaseController.php(95): CBaseController->renderInternal('/var/www/www/da...', Array, true)
#11 /var/www/www/data/www/project.dipstart.ru/framework/web/CController.php(869): CBaseController->renderFile('/var/www/www/da...', Array, true)
#12 /var/www/www/data/www/project.dipstart.ru/framework/web/CController.php(782): CController->renderPartial('create', Array, true)
#13 /var/www/www/data/www/project.dipstart.ru/protected/modules/project/controllers/ZakazController.php(79): CController->render('create', Array)
#14 /var/www/www/data/www/project.dipstart.ru/framework/web/actions/CInlineAction.php(49): ZakazController->actionCreate()
#15 /var/www/www/data/www/project.dipstart.ru/framework/web/CController.php(308): CInlineAction->runWithParams(Array)
#16 /var/www/www/data/www/project.dipstart.ru/framework/web/filters/CFilterChain.php(133): CController->runAction(Object(CInlineAction))
#17 /var/www/www/data/www/project.dipstart.ru/framework/web/filters/CFilter.php(40): CFilterChain->run()
#18 /var/www/www/data/www/project.dipstart.ru/framework/web/CController.php(1145): CFilter->filter(Object(CFilterChain))
#19 /var/www/www/data/www/project.dipstart.ru/framework/web/filters/CInlineFilter.php(58): CController->filterAccessControl(Object(CFilterChain))
#20 /var/www/www/data/www/project.dipstart.ru/framework/web/filters/CFilterChain.php(130): CInlineFilter->filter(Object(CFilterChain))
#21 /var/www/www/data/www/project.dipstart.ru/framework/web/CController.php(291): CFilterChain->run()
#22 /var/www/www/data/www/project.dipstart.ru/framework/web/CController.php(265): CController->runActionWithFilters(Object(CInlineAction), Array)
#23 /var/www/www/data/www/project.dipstart.ru/framework/web/CWebApplication.php(282): CController->run('create')
#24 /var/www/www/data/www/project.dipstart.ru/framework/web/CWebApplication.php(141): CWebApplication->runController('project/zakaz/c...')
#25 /var/www/www/data/www/project.dipstart.ru/framework/base/CApplication.php(180): CWebApplication->processRequest()
#26 /var/www/www/data/www/project.dipstart.ru/index.php(13): CApplication->run()
#27 {main}
REQUEST_URI=/index.php?r=project/zakaz/create
HTTP_REFERER=http://project.dipstart.ru/index.php?r=user/profile
---
2014/11/28 17:01:14 [error] [exception.CException] exception 'CException' with message 'Не определено свойство "Zakaz.status".' in /var/www/www/data/www/project.dipstart.ru/framework/base/CComponent.php:130
Stack trace:
#0 /var/www/www/data/www/project.dipstart.ru/framework/db/ar/CActiveRecord.php(145): CComponent->__get('status')
#1 /var/www/www/data/www/project.dipstart.ru/framework/web/helpers/CHtml.php(2529): CActiveRecord->__get('status')
#2 /var/www/www/data/www/project.dipstart.ru/framework/web/helpers/CHtml.php(1802): CHtml::resolveValue(Object(Zakaz), 'status')
#3 /var/www/www/data/www/project.dipstart.ru/framework/web/widgets/CActiveForm.php(847): CHtml::activeDropDownList(Object(Zakaz), 'status', Array, Array)
#4 /var/www/www/data/www/project.dipstart.ru/protected/modules/project/views/zakaz/_formManager.php(195): CActiveForm->dropDownList(Object(Zakaz), 'status', Array, Array)
#5 /var/www/www/data/www/project.dipstart.ru/framework/web/CBaseController.php(126): require('/var/www/www/da...')
#6 /var/www/www/data/www/project.dipstart.ru/framework/web/CBaseController.php(95): CBaseController->renderInternal('/var/www/www/da...', Array, true)
#7 /var/www/www/data/www/project.dipstart.ru/framework/web/CController.php(869): CBaseController->renderFile('/var/www/www/da...', Array, true)
#8 /var/www/www/data/www/project.dipstart.ru/protected/modules/project/views/zakaz/create.php(21): CController->renderPartial('_formManager', Array)
#9 /var/www/www/data/www/project.dipstart.ru/framework/web/CBaseController.php(126): require('/var/www/www/da...')
#10 /var/www/www/data/www/project.dipstart.ru/framework/web/CBaseController.php(95): CBaseController->renderInternal('/var/www/www/da...', Array, true)
#11 /var/www/www/data/www/project.dipstart.ru/framework/web/CController.php(869): CBaseController->renderFile('/var/www/www/da...', Array, true)
#12 /var/www/www/data/www/project.dipstart.ru/framework/web/CController.php(782): CController->renderPartial('create', Array, true)
#13 /var/www/www/data/www/project.dipstart.ru/protected/modules/project/controllers/ZakazController.php(79): CController->render('create', Array)
#14 /var/www/www/data/www/project.dipstart.ru/framework/web/actions/CInlineAction.php(49): ZakazController->actionCreate()
#15 /var/www/www/data/www/project.dipstart.ru/framework/web/CController.php(308): CInlineAction->runWithParams(Array)
#16 /var/www/www/data/www/project.dipstart.ru/framework/web/filters/CFilterChain.php(133): CController->runAction(Object(CInlineAction))
#17 /var/www/www/data/www/project.dipstart.ru/framework/web/filters/CFilter.php(40): CFilterChain->run()
#18 /var/www/www/data/www/project.dipstart.ru/framework/web/CController.php(1145): CFilter->filter(Object(CFilterChain))
#19 /var/www/www/data/www/project.dipstart.ru/framework/web/filters/CInlineFilter.php(58): CController->filterAccessControl(Object(CFilterChain))
#20 /var/www/www/data/www/project.dipstart.ru/framework/web/filters/CFilterChain.php(130): CInlineFilter->filter(Object(CFilterChain))
#21 /var/www/www/data/www/project.dipstart.ru/framework/web/CController.php(291): CFilterChain->run()
#22 /var/www/www/data/www/project.dipstart.ru/framework/web/CController.php(265): CController->runActionWithFilters(Object(CInlineAction), Array)
#23 /var/www/www/data/www/project.dipstart.ru/framework/web/CWebApplication.php(282): CController->run('create')
#24 /var/www/www/data/www/project.dipstart.ru/framework/web/CWebApplication.php(141): CWebApplication->runController('project/zakaz/c...')
#25 /var/www/www/data/www/project.dipstart.ru/framework/base/CApplication.php(180): CWebApplication->processRequest()
#26 /var/www/www/data/www/project.dipstart.ru/index.php(13): CApplication->run()
#27 {main}
REQUEST_URI=/index.php?r=project/zakaz/create
HTTP_REFERER=http://project.dipstart.ru/index.php?r=project/zakaz
---
2014/12/12 21:56:10 [error] [exception.CDbException] exception 'CDbException' with message 'CDbConnection failed to open the DB connection: could not find driver' in /var/www/dispart/framework/db/CDbConnection.php:382
Stack trace:
#0 /var/www/dispart/framework/db/CDbConnection.php(330): CDbConnection->open()
#1 /var/www/dispart/framework/db/CDbConnection.php(308): CDbConnection->setActive(true)
#2 /var/www/dispart/framework/base/CModule.php(387): CDbConnection->init()
#3 /var/www/dispart/framework/cli/commands/MigrateCommand.php(442): CModule->getComponent('db')
#4 /var/www/dispart/framework/cli/commands/MigrateCommand.php(451): MigrateCommand->getDbConnection()
#5 /var/www/dispart/framework/cli/commands/MigrateCommand.php(482): MigrateCommand->getMigrationHistory(-1)
#6 /var/www/dispart/framework/cli/commands/MigrateCommand.php(84): MigrateCommand->getNewMigrations()
#7 [internal function]: MigrateCommand->actionUp(Array)
#8 /var/www/dispart/framework/console/CConsoleCommand.php(172): ReflectionMethod->invokeArgs(Object(MigrateCommand), Array)
#9 /var/www/dispart/framework/console/CConsoleCommandRunner.php(71): CConsoleCommand->run(Array)
#10 /var/www/dispart/framework/console/CConsoleApplication.php(92): CConsoleCommandRunner->run(Array)
#11 /var/www/dispart/framework/base/CApplication.php(180): CConsoleApplication->processRequest()
#12 /var/www/dispart/framework/yiic.php(33): CApplication->run()
#13 /var/www/dispart/protected/yiic.php(7): require_once('/var/www/dispar...')
#14 /var/www/dispart/protected/yiic(4): require_once('/var/www/dispar...')
#15 {main}
---
2014/12/12 21:57:57 [error] [system.db.CDbCommand] CDbCommand::fetchAll() failed: SQLSTATE[42S02]: Base table or view not found: 1146 Table 'dipstart.tbl_migration' doesn't exist. The SQL statement executed was: SHOW FULL COLUMNS FROM `tbl_migration`.
2014/12/18 02:06:04 [error] [exception.CDbException] exception 'CDbException' with message 'CDbConnection failed to open the DB connection: SQLSTATE[28000] [1045] Access denied for user 'root'@'localhost' (using password: YES)' in /projects/dipstart.my/www/framework/db/CDbConnection.php:382
Stack trace:
#0 /projects/dipstart.my/www/framework/db/CDbConnection.php(330): CDbConnection->open()
#1 /projects/dipstart.my/www/framework/db/CDbConnection.php(308): CDbConnection->setActive(true)
#2 /projects/dipstart.my/www/framework/base/CModule.php(387): CDbConnection->init()
#3 /projects/dipstart.my/www/framework/cli/commands/MigrateCommand.php(442): CModule->getComponent('db')
#4 /projects/dipstart.my/www/framework/cli/commands/MigrateCommand.php(451): MigrateCommand->getDbConnection()
#5 /projects/dipstart.my/www/framework/cli/commands/MigrateCommand.php(482): MigrateCommand->getMigrationHistory(-1)
#6 /projects/dipstart.my/www/framework/cli/commands/MigrateCommand.php(84): MigrateCommand->getNewMigrations()
#7 [internal function]: MigrateCommand->actionUp(Array)
#8 /projects/dipstart.my/www/framework/console/CConsoleCommand.php(172): ReflectionMethod->invokeArgs(Object(MigrateCommand), Array)
#9 /projects/dipstart.my/www/framework/console/CConsoleCommandRunner.php(71): CConsoleCommand->run(Array)
#10 /projects/dipstart.my/www/framework/console/CConsoleApplication.php(92): CConsoleCommandRunner->run(Array)
#11 /projects/dipstart.my/www/framework/base/CApplication.php(180): CConsoleApplication->processRequest()
#12 /projects/dipstart.my/www/framework/yiic.php(33): CApplication->run()
#13 /projects/dipstart.my/www/protected/yiic.php(7): require_once('/projects/dipst...')
#14 /projects/dipstart.my/www/protected/yiic(4): require_once('/projects/dipst...')
#15 {main}
---
2014/12/18 02:49:06 [error] [php] Missing argument 3 for CDbMigration::addColumn(), called in /projects/dipstart.my/www/protected/migrations/m141217_230916_change_table_for_zakazparts.php on line 13 and defined (/projects/dipstart.my/www/framework/db/CDbMigration.php:282)
Stack trace:
#0 /projects/dipstart.my/www/framework/cli/commands/MigrateCommand.php(109): MigrateCommand->migrateUp()
#1 unknown(0): MigrateCommand->actionUp()
#2 /projects/dipstart.my/www/framework/console/CConsoleCommand.php(172): ReflectionMethod->invokeArgs()
#3 /projects/dipstart.my/www/framework/console/CConsoleCommandRunner.php(71): MigrateCommand->run()
#4 /projects/dipstart.my/www/framework/console/CConsoleApplication.php(92): CConsoleCommandRunner->run()
#5 /projects/dipstart.my/www/framework/base/CApplication.php(180): CConsoleApplication->processRequest()
#6 /projects/dipstart.my/www/framework/yiic.php(33): CConsoleApplication->run()
#7 /projects/dipstart.my/www/protected/yiic.php(7): require_once()
#8 /projects/dipstart.my/www/protected/yiic(4): require_once()

2014/12/18 02:52:05 [error] [system.db.CDbCommand] CDbCommand::execute() failed: SQLSTATE[42000]: Syntax error or access violation: 1091 Can't DROP 'add_demands'; check that column/key exists. The SQL statement executed was: ALTER TABLE `ProjectsParts` DROP COLUMN `add_demands`.
2014/12/18 02:52:05 [error] [exception.CDbException] exception 'CDbException' with message 'CDbCommand failed to execute the SQL statement: SQLSTATE[42000]: Syntax error or access violation: 1091 Can't DROP 'add_demands'; check that column/key exists. The SQL statement executed was: ALTER TABLE `ProjectsParts` DROP COLUMN `add_demands`' in /projects/dipstart.my/www/framework/db/CDbCommand.php:358
Stack trace:
#0 /projects/dipstart.my/www/framework/db/CDbCommand.php(1389): CDbCommand->execute()
#1 /projects/dipstart.my/www/framework/db/CDbMigration.php(299): CDbCommand->dropColumn('ProjectsParts', 'add_demands')
#2 /projects/dipstart.my/www/protected/migrations/m141217_230916_change_table_for_zakazparts.php(7): CDbMigration->dropColumn('ProjectsParts', 'add_demands')
#3 /projects/dipstart.my/www/framework/cli/commands/MigrateCommand.php(385): m141217_230916_change_table_for_zakazparts->up()
#4 /projects/dipstart.my/www/framework/cli/commands/MigrateCommand.php(109): MigrateCommand->migrateUp('m141217_230916_...')
#5 [internal function]: MigrateCommand->actionUp(Array)
#6 /projects/dipstart.my/www/framework/console/CConsoleCommand.php(172): ReflectionMethod->invokeArgs(Object(MigrateCommand), Array)
#7 /projects/dipstart.my/www/framework/console/CConsoleCommandRunner.php(71): CConsoleCommand->run(Array)
#8 /projects/dipstart.my/www/framework/console/CConsoleApplication.php(92): CConsoleCommandRunner->run(Array)
#9 /projects/dipstart.my/www/framework/base/CApplication.php(180): CConsoleApplication->processRequest()
#10 /projects/dipstart.my/www/framework/yiic.php(33): CApplication->run()
#11 /projects/dipstart.my/www/protected/yiic.php(7): require_once('/projects/dipst...')
#12 /projects/dipstart.my/www/protected/yiic(4): require_once('/projects/dipst...')
#13 {main}
---
